# JRE version: Java(TM) SE Runtime Environment (8.0_65-b17) (build 1.8.0_65-b17)
# Java VM: Java HotSpot(TM) 64-Bit Server VM (25.65-b01 mixed mode windows-amd64 compressed oops)
Heap:
 PSYoungGen      total 101376K, used 11206K [0x00000000d5e00000, 0x00000000df000000, 0x0000000100000000)
  eden space 97280K, 7% used [0x00000000d5e00000,0x00000000d6555ba8,0x00000000dbd00000)
  from space 4096K, 90% used [0x00000000dec00000,0x00000000def9c010,0x00000000df000000)
  to   space 12288K, 0% used [0x00000000dd800000,0x00000000dd800000,0x00000000de400000)
 ParOldGen       total 68096K, used 12113K [0x0000000081a00000, 0x0000000085c80000, 0x00000000d5e00000)
  object space 68096K, 17% used [0x0000000081a00000,0x00000000825d4608,0x0000000085c80000)
 Metaspace       used 21418K, capacity 21746K, committed 22144K, reserved 1067008K
  class space    used 3757K, capacity 3843K, committed 3968K, reserved 1048576K
GC Heap History (10 events):
Event: 3.304 GC heap before
{Heap before GC invocations=3 (full 0):
 PSYoungGen      total 38400K, used 38373K [0x00000000d5e00000, 0x00000000d8880000, 0x0000000100000000)
  eden space 33280K, 100% used [0x00000000d5e00000,0x00000000d7e80000,0x00000000d7e80000)
  from space 5120K, 99% used [0x00000000d8380000,0x00000000d88794e8,0x00000000d8880000)
  to   space 5120K, 0% used [0x00000000d7e80000,0x00000000d7e80000,0x00000000d8380000)
 ParOldGen       total 87552K, used 347K [0x0000000081a00000, 0x0000000086f80000, 0x00000000d5e00000)
  object space 87552K, 0% used [0x0000000081a00000,0x0000000081a56d78,0x0000000086f80000)
 Metaspace       used 11926K, capacity 12082K, committed 12160K, reserved 1058816K
  class space    used 2601K, capacity 2653K, committed 2688K, reserved 1048576K
Event: 3.311 GC heap after
Heap after GC invocations=3 (full 0):
 PSYoungGen      total 38400K, used 5098K [0x00000000d5e00000, 0x00000000da900000, 0x0000000100000000)
  eden space 33280K, 0% used [0x00000000d5e00000,0x00000000d5e00000,0x00000000d7e80000)
  from space 5120K, 99% used [0x00000000d7e80000,0x00000000d837a908,0x00000000d8380000)
  to   space 5120K, 0% used [0x00000000da400000,0x00000000da400000,0x00000000da900000)
 ParOldGen       total 87552K, used 1934K [0x0000000081a00000, 0x0000000086f80000, 0x00000000d5e00000)
  object space 87552K, 2% used [0x0000000081a00000,0x0000000081be3b78,0x0000000086f80000)
 Metaspace       used 11926K, capacity 12082K, committed 12160K, reserved 1058816K
  class space    used 2601K, capacity 2653K, committed 2688K, reserved 1048576K
}
Event: 5.320 GC heap before
{Heap before GC invocations=4 (full 0):
 PSYoungGen      total 38400K, used 38378K [0x00000000d5e00000, 0x00000000da900000, 0x0000000100000000)
  eden space 33280K, 100% used [0x00000000d5e00000,0x00000000d7e80000,0x00000000d7e80000)
  from space 5120K, 99% used [0x00000000d7e80000,0x00000000d837a908,0x00000000d8380000)
  to   space 5120K, 0% used [0x00000000da400000,0x00000000da400000,0x00000000da900000)
 ParOldGen       total 87552K, used 1934K [0x0000000081a00000, 0x0000000086f80000, 0x00000000d5e00000)
  object space 87552K, 2% used [0x0000000081a00000,0x0000000081be3b78,0x0000000086f80000)
 Metaspace       used 18112K, capacity 18438K, committed 18816K, reserved 1064960K
  class space    used 3344K, capacity 3441K, committed 3456K, reserved 1048576K
Event: 5.329 GC heap after
Heap after GC invocations=4 (full 0):
 PSYoungGen      total 71680K, used 5100K [0x00000000d5e00000, 0x00000000da900000, 0x0000000100000000)
  eden space 66560K, 0% used [0x00000000d5e00000,0x00000000d5e00000,0x00000000d9f00000)
  from space 5120K, 99% used [0x00000000da400000,0x00000000da8fb060,0x00000000da900000)
  to   space 5120K, 0% used [0x00000000d9f00000,0x00000000d9f00000,0x00000000da400000)
 ParOldGen       total 87552K, used 8108K [0x0000000081a00000, 0x0000000086f80000, 0x00000000d5e00000)
  object space 87552K, 9% used [0x0000000081a00000,0x00000000821eb230,0x0000000086f80000)
 Metaspace       used 18112K, capacity 18438K, committed 18816K, reserved 1064960K
  class space    used 3344K, capacity 3441K, committed 3456K, reserved 1048576K
}
Event: 5.876 GC heap before
{Heap before GC invocations=5 (full 0):
 PSYoungGen      total 71680K, used 37480K [0x00000000d5e00000, 0x00000000da900000, 0x0000000100000000)
  eden space 66560K, 48% used [0x00000000d5e00000,0x00000000d7d9eff0,0x00000000d9f00000)
  from space 5120K, 99% used [0x00000000da400000,0x00000000da8fb060,0x00000000da900000)
  to   space 5120K, 0% used [0x00000000d9f00000,0x00000000d9f00000,0x00000000da400000)
 ParOldGen       total 87552K, used 8108K [0x0000000081a00000, 0x0000000086f80000, 0x00000000d5e00000)
  object space 87552K, 9% used [0x0000000081a00000,0x00000000821eb230,0x0000000086f80000)
 Metaspace       used 20736K, capacity 21014K, committed 21248K, reserved 1067008K
  class space    used 3707K, capacity 3801K, committed 3840K, reserved 1048576K
Event: 5.885 GC heap after
Heap after GC invocations=5 (full 0):
 PSYoungGen      total 71680K, used 5117K [0x00000000d5e00000, 0x00000000df800000, 0x0000000100000000)
  eden space 66560K, 0% used [0x00000000d5e00000,0x00000000d5e00000,0x00000000d9f00000)
  from space 5120K, 99% used [0x00000000d9f00000,0x00000000da3ff6b8,0x00000000da400000)
  to   space 12288K, 0% used [0x00000000dec00000,0x00000000dec00000,0x00000000df800000)
 ParOldGen       total 87552K, used 12348K [0x0000000081a00000, 0x0000000086f80000, 0x00000000d5e00000)
  object space 87552K, 14% used [0x0000000081a00000,0x000000008260f128,0x0000000086f80000)
 Metaspace       used 20736K, capacity 21014K, committed 21248K, reserved 1067008K
  class space    used 3707K, capacity 3801K, committed 3840K, reserved 1048576K
}
Event: 5.885 GC heap before
{Heap before GC invocations=6 (full 1):
 PSYoungGen      total 71680K, used 5117K [0x00000000d5e00000, 0x00000000df800000, 0x0000000100000000)
  eden space 66560K, 0% used [0x00000000d5e00000,0x00000000d5e00000,0x00000000d9f00000)
  from space 5120K, 99% used [0x00000000d9f00000,0x00000000da3ff6b8,0x00000000da400000)
  to   space 12288K, 0% used [0x00000000dec00000,0x00000000dec00000,0x00000000df800000)
 ParOldGen       total 87552K, used 12348K [0x0000000081a00000, 0x0000000086f80000, 0x00000000d5e00000)
  object space 87552K, 14% used [0x0000000081a00000,0x000000008260f128,0x0000000086f80000)
 Metaspace       used 20736K, capacity 21014K, committed 21248K, reserved 1067008K
  class space    used 3707K, capacity 3801K, committed 3840K, reserved 1048576K
Event: 5.957 GC heap after
Heap after GC invocations=6 (full 1):
 PSYoungGen      total 71680K, used 0K [0x00000000d5e00000, 0x00000000df800000, 0x0000000100000000)
  eden space 66560K, 0% used [0x00000000d5e00000,0x00000000d5e00000,0x00000000d9f00000)
  from space 5120K, 0% used [0x00000000d9f00000,0x00000000d9f00000,0x00000000da400000)
  to   space 12288K, 0% used [0x00000000dec00000,0x00000000dec00000,0x00000000df800000)
 ParOldGen       total 68096K, used 12105K [0x0000000081a00000, 0x0000000085c80000, 0x00000000d5e00000)
  object space 68096K, 17% used [0x0000000081a00000,0x00000000825d2608,0x0000000085c80000)
 Metaspace       used 20736K, capacity 21014K, committed 21248K, reserved 1067008K
  class space    used 3707K, capacity 3801K, committed 3840K, reserved 1048576K
}
Event: 556.432 GC heap before
{Heap before GC invocations=7 (full 1):
 PSYoungGen      total 71680K, used 66560K [0x00000000d5e00000, 0x00000000df800000, 0x0000000100000000)
  eden space 66560K, 100% used [0x00000000d5e00000,0x00000000d9f00000,0x00000000d9f00000)
  from space 5120K, 0% used [0x00000000d9f00000,0x00000000d9f00000,0x00000000da400000)
  to   space 12288K, 0% used [0x00000000dec00000,0x00000000dec00000,0x00000000df800000)
 ParOldGen       total 68096K, used 12105K [0x0000000081a00000, 0x0000000085c80000, 0x00000000d5e00000)
  object space 68096K, 17% used [0x0000000081a00000,0x00000000825d2608,0x0000000085c80000)
 Metaspace       used 21337K, capacity 21682K, committed 22144K, reserved 1067008K
  class space    used 3753K, capacity 3843K, committed 3968K, reserved 1048576K
Event: 556.441 GC heap after
Heap after GC invocations=7 (full 1):
 PSYoungGen      total 101376K, used 3696K [0x00000000d5e00000, 0x00000000df000000, 0x0000000100000000)
  eden space 97280K, 0% used [0x00000000d5e00000,0x00000000d5e00000,0x00000000dbd00000)
  from space 4096K, 90% used [0x00000000dec00000,0x00000000def9c010,0x00000000df000000)
  to   space 12288K, 0% used [0x00000000dd800000,0x00000000dd800000,0x00000000de400000)
 ParOldGen       total 68096K, used 12113K [0x0000000081a00000, 0x0000000085c80000, 0x00000000d5e00000)
  object space 68096K, 17% used [0x0000000081a00000,0x00000000825d4608,0x0000000085c80000)
 Metaspace       used 21337K, capacity 21682K, committed 22144K, reserved 1067008K
  class space    used 3753K, capacity 3843K, committed 3968K, reserved 1048576K
}

