# JRE version: Java(TM) SE Runtime Environment (8.0_65-b17) (build 1.8.0_65-b17)
# Java VM: Java HotSpot(TM) 64-Bit Server VM (25.65-b01 mixed mode windows-amd64 compressed oops)
Heap:
 PSYoungGen      total 291840K, used 140598K [0x00000000eab00000, 0x00000000fe280000, 0x0000000100000000)
  eden space 279040K, 50% used [0x00000000eab00000,0x00000000f344dbd8,0x00000000fbb80000)
  from space 12800K, 0% used [0x00000000fc800000,0x00000000fc800000,0x00000000fd480000)
  to   space 12800K, 0% used [0x00000000fbb80000,0x00000000fbb80000,0x00000000fc800000)
 ParOldGen       total 54272K, used 20045K [0x00000000c0000000, 0x00000000c3500000, 0x00000000eab00000)
  object space 54272K, 36% used [0x00000000c0000000,0x00000000c13936d0,0x00000000c3500000)
 Metaspace       used 32030K, capacity 32898K, committed 33024K, reserved 1079296K
  class space    used 3648K, capacity 3809K, committed 3840K, reserved 1048576K
GC Heap History (10 events):
Event: 4.207 GC heap before
{Heap before GC invocations=10 (full 1):
 PSYoungGen      total 133632K, used 1021K [0x00000000eab00000, 0x00000000f7f80000, 0x0000000100000000)
  eden space 126976K, 0% used [0x00000000eab00000,0x00000000eab00000,0x00000000f2700000)
  from space 6656K, 15% used [0x00000000f2700000,0x00000000f27ff4f0,0x00000000f2d80000)
  to   space 7168K, 0% used [0x00000000f7880000,0x00000000f7880000,0x00000000f7f80000)
 ParOldGen       total 44032K, used 13929K [0x00000000c0000000, 0x00000000c2b00000, 0x00000000eab00000)
  object space 44032K, 31% used [0x00000000c0000000,0x00000000c0d9a5a0,0x00000000c2b00000)
 Metaspace       used 20898K, capacity 21078K, committed 21296K, reserved 1069056K
  class space    used 2374K, capacity 2405K, committed 2432K, reserved 1048576K
Event: 4.252 GC heap after
Heap after GC invocations=10 (full 1):
 PSYoungGen      total 133632K, used 0K [0x00000000eab00000, 0x00000000f7f80000, 0x0000000100000000)
  eden space 126976K, 0% used [0x00000000eab00000,0x00000000eab00000,0x00000000f2700000)
  from space 6656K, 0% used [0x00000000f2700000,0x00000000f2700000,0x00000000f2d80000)
  to   space 7168K, 0% used [0x00000000f7880000,0x00000000f7880000,0x00000000f7f80000)
 ParOldGen       total 31744K, used 8746K [0x00000000c0000000, 0x00000000c1f00000, 0x00000000eab00000)
  object space 31744K, 27% used [0x00000000c0000000,0x00000000c088abd8,0x00000000c1f00000)
 Metaspace       used 20898K, capacity 21078K, committed 21296K, reserved 1069056K
  class space    used 2374K, capacity 2405K, committed 2432K, reserved 1048576K
}
Event: 4.923 GC heap before
{Heap before GC invocations=11 (full 1):
 PSYoungGen      total 133632K, used 126976K [0x00000000eab00000, 0x00000000f7f80000, 0x0000000100000000)
  eden space 126976K, 100% used [0x00000000eab00000,0x00000000f2700000,0x00000000f2700000)
  from space 6656K, 0% used [0x00000000f2700000,0x00000000f2700000,0x00000000f2d80000)
  to   space 7168K, 0% used [0x00000000f7880000,0x00000000f7880000,0x00000000f7f80000)
 ParOldGen       total 31744K, used 8746K [0x00000000c0000000, 0x00000000c1f00000, 0x00000000eab00000)
  object space 31744K, 27% used [0x00000000c0000000,0x00000000c088abd8,0x00000000c1f00000)
 Metaspace       used 23567K, capacity 23746K, committed 24064K, reserved 1071104K
  class space    used 2716K, capacity 2759K, committed 2816K, reserved 1048576K
Event: 4.940 GC heap after
Heap after GC invocations=11 (full 1):
 PSYoungGen      total 195072K, used 5267K [0x00000000eab00000, 0x00000000f7e00000, 0x0000000100000000)
  eden space 189440K, 0% used [0x00000000eab00000,0x00000000eab00000,0x00000000f6400000)
  from space 5632K, 93% used [0x00000000f7880000,0x00000000f7da4c38,0x00000000f7e00000)
  to   space 7168K, 0% used [0x00000000f7000000,0x00000000f7000000,0x00000000f7700000)
 ParOldGen       total 31744K, used 8754K [0x00000000c0000000, 0x00000000c1f00000, 0x00000000eab00000)
  object space 31744K, 27% used [0x00000000c0000000,0x00000000c088cbd8,0x00000000c1f00000)
 Metaspace       used 23567K, capacity 23746K, committed 24064K, reserved 1071104K
  class space    used 2716K, capacity 2759K, committed 2816K, reserved 1048576K
}
Event: 8.877 GC heap before
{Heap before GC invocations=12 (full 1):
 PSYoungGen      total 195072K, used 194707K [0x00000000eab00000, 0x00000000f7e00000, 0x0000000100000000)
  eden space 189440K, 100% used [0x00000000eab00000,0x00000000f6400000,0x00000000f6400000)
  from space 5632K, 93% used [0x00000000f7880000,0x00000000f7da4c38,0x00000000f7e00000)
  to   space 7168K, 0% used [0x00000000f7000000,0x00000000f7000000,0x00000000f7700000)
 ParOldGen       total 31744K, used 8754K [0x00000000c0000000, 0x00000000c1f00000, 0x00000000eab00000)
  object space 31744K, 27% used [0x00000000c0000000,0x00000000c088cbd8,0x00000000c1f00000)
 Metaspace       used 29158K, capacity 29478K, committed 29824K, reserved 1075200K
  class space    used 3368K, capacity 3447K, committed 3456K, reserved 1048576K
Event: 8.925 GC heap after
Heap after GC invocations=12 (full 1):
 PSYoungGen      total 208896K, used 7159K [0x00000000eab00000, 0x00000000fd480000, 0x0000000100000000)
  eden space 201728K, 0% used [0x00000000eab00000,0x00000000eab00000,0x00000000f7000000)
  from space 7168K, 99% used [0x00000000f7000000,0x00000000f76fdfb0,0x00000000f7700000)
  to   space 12800K, 0% used [0x00000000fc800000,0x00000000fc800000,0x00000000fd480000)
 ParOldGen       total 31744K, used 21785K [0x00000000c0000000, 0x00000000c1f00000, 0x00000000eab00000)
  object space 31744K, 68% used [0x00000000c0000000,0x00000000c15467d8,0x00000000c1f00000)
 Metaspace       used 29158K, capacity 29478K, committed 29824K, reserved 1075200K
  class space    used 3368K, capacity 3447K, committed 3456K, reserved 1048576K
}
Event: 11.730 GC heap before
{Heap before GC invocations=13 (full 1):
 PSYoungGen      total 208896K, used 208887K [0x00000000eab00000, 0x00000000fd480000, 0x0000000100000000)
  eden space 201728K, 100% used [0x00000000eab00000,0x00000000f7000000,0x00000000f7000000)
  from space 7168K, 99% used [0x00000000f7000000,0x00000000f76fdfb0,0x00000000f7700000)
  to   space 12800K, 0% used [0x00000000fc800000,0x00000000fc800000,0x00000000fd480000)
 ParOldGen       total 31744K, used 21785K [0x00000000c0000000, 0x00000000c1f00000, 0x00000000eab00000)
  object space 31744K, 68% used [0x00000000c0000000,0x00000000c15467d8,0x00000000c1f00000)
 Metaspace       used 31208K, capacity 31858K, committed 32128K, reserved 1077248K
  class space    used 3556K, capacity 3673K, committed 3712K, reserved 1048576K
Event: 11.767 GC heap after
Heap after GC invocations=13 (full 1):
 PSYoungGen      total 291840K, used 3311K [0x00000000eab00000, 0x00000000fe280000, 0x0000000100000000)
  eden space 279040K, 0% used [0x00000000eab00000,0x00000000eab00000,0x00000000fbb80000)
  from space 12800K, 25% used [0x00000000fc800000,0x00000000fcb3be48,0x00000000fd480000)
  to   space 12800K, 0% used [0x00000000fbb80000,0x00000000fbb80000,0x00000000fc800000)
 ParOldGen       total 31744K, used 28914K [0x00000000c0000000, 0x00000000c1f00000, 0x00000000eab00000)
  object space 31744K, 91% used [0x00000000c0000000,0x00000000c1c3ca80,0x00000000c1f00000)
 Metaspace       used 31208K, capacity 31858K, committed 32128K, reserved 1077248K
  class space    used 3556K, capacity 3673K, committed 3712K, reserved 1048576K
}
Event: 11.767 GC heap before
{Heap before GC invocations=14 (full 2):
 PSYoungGen      total 291840K, used 3311K [0x00000000eab00000, 0x00000000fe280000, 0x0000000100000000)
  eden space 279040K, 0% used [0x00000000eab00000,0x00000000eab00000,0x00000000fbb80000)
  from space 12800K, 25% used [0x00000000fc800000,0x00000000fcb3be48,0x00000000fd480000)
  to   space 12800K, 0% used [0x00000000fbb80000,0x00000000fbb80000,0x00000000fc800000)
 ParOldGen       total 31744K, used 28914K [0x00000000c0000000, 0x00000000c1f00000, 0x00000000eab00000)
  object space 31744K, 91% used [0x00000000c0000000,0x00000000c1c3ca80,0x00000000c1f00000)
 Metaspace       used 31208K, capacity 31858K, committed 32128K, reserved 1077248K
  class space    used 3556K, capacity 3673K, committed 3712K, reserved 1048576K
Event: 11.877 GC heap after
Heap after GC invocations=14 (full 2):
 PSYoungGen      total 291840K, used 0K [0x00000000eab00000, 0x00000000fe280000, 0x0000000100000000)
  eden space 279040K, 0% used [0x00000000eab00000,0x00000000eab00000,0x00000000fbb80000)
  from space 12800K, 0% used [0x00000000fc800000,0x00000000fc800000,0x00000000fd480000)
  to   space 12800K, 0% used [0x00000000fbb80000,0x00000000fbb80000,0x00000000fc800000)
 ParOldGen       total 54272K, used 20045K [0x00000000c0000000, 0x00000000c3500000, 0x00000000eab00000)
  object space 54272K, 36% used [0x00000000c0000000,0x00000000c13936d0,0x00000000c3500000)
 Metaspace       used 31159K, capacity 31780K, committed 32128K, reserved 1077248K
  class space    used 3549K, capacity 3660K, committed 3712K, reserved 1048576K
}

